<?xml version="1.0" encoding="UTF-8"?>
<!-- Generated by org.testng.reporters.JUnitReportReporter -->
<testsuite hostname="SantoshPatil-09032022" failures="0" tests="1" name="testScripts.Goibibo_TestCase_13" time="33.504" errors="0" timestamp="2024-03-05T05:45:39 IST" skipped="0">
  <testcase classname="testScripts.Goibibo_TestCase_13" name="testcase_13" time="33.504"/>
</testsuite> <!-- testScripts.Goibibo_TestCase_13 -->
