<?xml version="1.0" encoding="UTF-8"?>
<!-- Generated by org.testng.reporters.JUnitReportReporter -->
<testsuite hostname="SantoshPatil-09032022" failures="0" tests="1" name="testScripts.Goibibo_TestCase_14" time="32.108" errors="0" timestamp="2024-03-05T06:27:17 IST" skipped="0">
  <testcase classname="testScripts.Goibibo_TestCase_14" name="testCase_14" time="32.108"/>
</testsuite> <!-- testScripts.Goibibo_TestCase_14 -->
