<?xml version="1.0" encoding="UTF-8"?>
<!-- Generated by org.testng.reporters.JUnitReportReporter -->
<testsuite hostname="SantoshPatil-09032022" failures="0" tests="1" name="testScripts.Goibobo_TestCase_08" time="37.357" errors="0" timestamp="2024-02-26T04:47:07 IST" skipped="0">
  <testcase classname="testScripts.Goibobo_TestCase_08" name="testcase_08" time="37.357"/>
</testsuite> <!-- testScripts.Goibobo_TestCase_08 -->
