<?xml version="1.0" encoding="UTF-8"?>
<!-- Generated by org.testng.reporters.JUnitReportReporter -->
<testsuite hostname="SantoshPatil-09032022" failures="0" tests="1" name="testScripts.Goibibo_TestCase_05" time="14.803" errors="0" timestamp="2024-03-05T05:31:25 IST" skipped="0">
  <testcase classname="testScripts.Goibibo_TestCase_05" name="testcase_05" time="14.803"/>
</testsuite> <!-- testScripts.Goibibo_TestCase_05 -->
