<?xml version="1.0" encoding="UTF-8"?>
<!-- Generated by org.testng.reporters.JUnitReportReporter -->
<testsuite hostname="SantoshPatil-09032022" failures="0" tests="1" name="testScripts.Goibobo_TestCase_12" time="24.670" errors="0" timestamp="2024-03-04T23:32:15 IST" skipped="0">
  <testcase classname="testScripts.Goibobo_TestCase_12" name="testcase_12" time="24.670"/>
</testsuite> <!-- testScripts.Goibobo_TestCase_12 -->
