<?xml version="1.0" encoding="UTF-8"?>
<!-- Generated by org.testng.reporters.JUnitReportReporter -->
<testsuite hostname="SantoshPatil-09032022" failures="0" tests="1" name="testScripts.Goibibo_TestCase_02" time="53.732" errors="0" timestamp="2024-03-12T23:18:38 IST" skipped="0">
  <testcase classname="testScripts.Goibibo_TestCase_02" name="testcase_02" time="53.732"/>
</testsuite> <!-- testScripts.Goibibo_TestCase_02 -->
