<?xml version="1.0" encoding="UTF-8"?>
<!-- Generated by org.testng.reporters.JUnitReportReporter -->
<testsuite hostname="SantoshPatil-09032022" failures="0" tests="1" name="testScripts.Goibobo_TestCase_06" time="39.630" errors="0" timestamp="2024-02-21T00:21:24 IST" skipped="0">
  <testcase classname="testScripts.Goibobo_TestCase_06" name="testcase_06" time="39.630"/>
</testsuite> <!-- testScripts.Goibobo_TestCase_06 -->
