<?xml version="1.0" encoding="UTF-8"?>
<!-- Generated by org.testng.reporters.JUnitReportReporter -->
<testsuite hostname="SantoshPatil-09032022" failures="0" tests="1" name="testScripts.Goibobo_TestCase_14" time="41.275" errors="0" timestamp="2024-02-23T18:58:16 IST" skipped="0">
  <testcase classname="testScripts.Goibobo_TestCase_14" name="testCase_14" time="41.275"/>
</testsuite> <!-- testScripts.Goibobo_TestCase_14 -->
