<?xml version="1.0" encoding="UTF-8"?>
<!-- Generated by org.testng.reporters.JUnitReportReporter -->
<testsuite hostname="SantoshPatil-09032022" failures="0" tests="1" name="testScripts.Goibibo_TestCase_04" time="27.791" errors="0" timestamp="2024-03-05T05:26:57 IST" skipped="0">
  <testcase classname="testScripts.Goibibo_TestCase_04" name="testcase_04" time="27.791"/>
</testsuite> <!-- testScripts.Goibibo_TestCase_04 -->
