<?xml version="1.0" encoding="UTF-8"?>
<!-- Generated by org.testng.reporters.JUnitReportReporter -->
<testsuite hostname="SantoshPatil-09032022" failures="0" tests="1" name="testScripts.Goibobo_TestCase_10" time="47.125" errors="0" timestamp="2024-02-22T19:22:50 IST" skipped="0">
  <testcase classname="testScripts.Goibobo_TestCase_10" name="testCase_10" time="47.125"/>
</testsuite> <!-- testScripts.Goibobo_TestCase_10 -->
