<?xml version="1.0" encoding="UTF-8"?>
<!-- Generated by org.testng.reporters.JUnitReportReporter -->
<testsuite hostname="SantoshPatil-09032022" failures="0" tests="1" name="testScripts.Goibibo_TestCase_12" time="73.669" errors="0" timestamp="2024-03-12T23:53:13 IST" skipped="0">
  <testcase classname="testScripts.Goibibo_TestCase_12" name="testcase_12" time="73.669"/>
</testsuite> <!-- testScripts.Goibibo_TestCase_12 -->
