<?xml version="1.0" encoding="UTF-8"?>
<!-- Generated by org.testng.reporters.JUnitReportReporter -->
<testsuite hostname="SantoshPatil-09032022" failures="0" tests="1" name="testScripts.Goibobo_TestCase_07" time="39.891" errors="0" timestamp="2024-02-22T02:04:49 IST" skipped="0">
  <testcase classname="testScripts.Goibobo_TestCase_07" name="testCase_07" time="39.891"/>
</testsuite> <!-- testScripts.Goibobo_TestCase_07 -->
