<?xml version="1.0" encoding="UTF-8"?>
<!-- Generated by org.testng.reporters.JUnitReportReporter -->
<testsuite hostname="SantoshPatil-09032022" failures="0" tests="1" name="testScripts.Goibibo_TestCase_15" time="47.216" errors="0" timestamp="2024-03-05T06:46:15 IST" skipped="0">
  <testcase classname="testScripts.Goibibo_TestCase_15" name="testcase_15" time="47.216"/>
</testsuite> <!-- testScripts.Goibibo_TestCase_15 -->
