<?xml version="1.0" encoding="UTF-8"?>
<!-- Generated by org.testng.reporters.JUnitReportReporter -->
<testsuite hostname="SantoshPatil-09032022" failures="0" tests="1" name="testScripts.Goibibo_TestCase_03" time="41.425" errors="0" timestamp="2024-03-12T23:30:49 IST" skipped="0">
  <testcase classname="testScripts.Goibibo_TestCase_03" name="testcase_03" time="41.425"/>
</testsuite> <!-- testScripts.Goibibo_TestCase_03 -->
