<?xml version="1.0" encoding="UTF-8"?>
<!-- Generated by org.testng.reporters.JUnitReportReporter -->
<testsuite hostname="SantoshPatil-09032022" failures="0" tests="1" name="testScripts.TestCase_4" time="24.730" errors="0" timestamp="2024-02-20T09:02:03 IST" skipped="0">
  <testcase classname="testScripts.TestCase_4" name="testcase4" time="24.730"/>
</testsuite> <!-- testScripts.TestCase_4 -->
