<?xml version="1.0" encoding="UTF-8"?>
<!-- Generated by org.testng.reporters.JUnitReportReporter -->
<testsuite hostname="SantoshPatil-09032022" failures="0" tests="1" name="testScripts.Goibobo_TestCase_05" time="26.977" errors="0" timestamp="2024-02-22T21:32:46 IST" skipped="0">
  <testcase classname="testScripts.Goibobo_TestCase_05" name="testcase_05" time="26.977"/>
</testsuite> <!-- testScripts.Goibobo_TestCase_05 -->
