<?xml version="1.0" encoding="UTF-8"?>
<!-- Generated by org.testng.reporters.JUnitReportReporter -->
<testsuite hostname="SantoshPatil-09032022" failures="0" tests="1" name="testScripts.Goibibo_TestCase_07" time="27.441" errors="0" timestamp="2024-03-05T05:33:58 IST" skipped="0">
  <testcase classname="testScripts.Goibibo_TestCase_07" name="testCase_07" time="27.441"/>
</testsuite> <!-- testScripts.Goibibo_TestCase_07 -->
