<?xml version="1.0" encoding="UTF-8"?>
<!-- Generated by org.testng.reporters.JUnitReportReporter -->
<testsuite hostname="SantoshPatil-09032022" failures="0" tests="1" name="testScripts.Goibobo_TestCase_09" time="41.523" errors="0" timestamp="2024-02-25T02:36:43 IST" skipped="0">
  <testcase classname="testScripts.Goibobo_TestCase_09" name="testcase_09" time="41.523"/>
</testsuite> <!-- testScripts.Goibobo_TestCase_09 -->
