<?xml version="1.0" encoding="UTF-8"?>
<!-- Generated by org.testng.reporters.JUnitReportReporter -->
<testsuite hostname="SantoshPatil-09032022" failures="0" tests="1" name="testScripts.Goibibo_TestCase_11" time="49.849" errors="0" timestamp="2024-03-07T22:51:15 IST" skipped="0">
  <testcase classname="testScripts.Goibibo_TestCase_11" name="testcase_11" time="49.849"/>
</testsuite> <!-- testScripts.Goibibo_TestCase_11 -->
