<?xml version="1.0" encoding="UTF-8"?>
<!-- Generated by org.testng.reporters.JUnitReportReporter -->
<testsuite hostname="SantoshPatil-09032022" failures="0" tests="1" name="testScripts.Goibibo_TestCase_09" time="32.570" errors="0" timestamp="2024-03-05T05:37:27 IST" skipped="0">
  <testcase classname="testScripts.Goibibo_TestCase_09" name="testcase_09" time="32.570"/>
</testsuite> <!-- testScripts.Goibibo_TestCase_09 -->
