<?xml version="1.0" encoding="UTF-8"?>
<!-- Generated by org.testng.reporters.JUnitReportReporter -->
<testsuite hostname="SantoshPatil-09032022" failures="0" tests="1" name="testScripts.TestCase_15" time="38.107" errors="0" timestamp="2024-03-12T21:38:18 IST" skipped="0">
  <testcase classname="testScripts.TestCase_15" name="testcase_15" time="38.107"/>
</testsuite> <!-- testScripts.TestCase_15 -->
