<?xml version="1.0" encoding="UTF-8"?>
<!-- Generated by org.testng.reporters.JUnitReportReporter -->
<testsuite hostname="SantoshPatil-09032022" failures="0" tests="1" name="testScripts.TestCase_03" time="10.574" errors="0" timestamp="2024-03-12T16:21:15 IST" skipped="0">
  <testcase classname="testScripts.TestCase_03" name="testcase_03" time="10.574"/>
</testsuite> <!-- testScripts.TestCase_03 -->
