<?xml version="1.0" encoding="UTF-8"?>
<!-- Generated by org.testng.reporters.JUnitReportReporter -->
<testsuite hostname="SantoshPatil-09032022" failures="0" tests="1" name="testScripts.TestCase_14" time="33.939" errors="0" timestamp="2024-03-12T15:56:48 IST" skipped="0">
  <testcase classname="testScripts.TestCase_14" name="testcase_14" time="33.939"/>
</testsuite> <!-- testScripts.TestCase_14 -->
