<?xml version="1.0" encoding="UTF-8"?>
<!-- Generated by org.testng.reporters.JUnitReportReporter -->
<testsuite hostname="SantoshPatil-09032022" failures="0" tests="1" name="testScripts.TestCase_01" time="14.687" errors="0" timestamp="2024-03-12T22:35:33 IST" skipped="0">
  <testcase classname="testScripts.TestCase_01" name="Amz_NewUserAccount_Register" time="14.687"/>
</testsuite> <!-- testScripts.TestCase_01 -->
