<?xml version="1.0" encoding="UTF-8"?>
<!-- Generated by org.testng.reporters.JUnitReportReporter -->
<testsuite hostname="SantoshPatil-09032022" failures="0" tests="1" name="testScripts.TestCase_04" time="32.917" errors="0" timestamp="2024-03-12T16:28:29 IST" skipped="0">
  <testcase classname="testScripts.TestCase_04" name="smoke_testcase_04" time="32.917"/>
</testsuite> <!-- testScripts.TestCase_04 -->
